Starting the WebSocket server on port 6001...
Starting the WebSocket server on port 6001...
New connection opened for app key 934e90f09532de55fe99.
Connection id 636115440.231580123 sending message {"event":"pusher:connection_established","data":"{\"socket_id\":\"636115440.231580123\",\"activity_timeout\":30}"}
1848319: connection id 636115440.231580123 received message: {"event":"pusher:subscribe","data":{"auth":"","channel":"bid-price-change"}}.
Connection id 636115440.231580123 sending message {"event":"pusher_internal:subscription_succeeded","channel":"bid-price-change"}
1848319: connection id 636115440.231580123 received message: {"event":"pusher:subscribe","data":{"auth":"","channel":"chat"}}.
Connection id 636115440.231580123 sending message {"event":"pusher_internal:subscription_succeeded","channel":"chat"}
Connection id 636115440.231580123 closed.
New connection opened for app key 934e90f09532de55fe99.
Connection id 315247547.135777025 sending message {"event":"pusher:connection_established","data":"{\"socket_id\":\"315247547.135777025\",\"activity_timeout\":30}"}
Connection id 315247547.135777025 closed.
New connection opened for app key 934e90f09532de55fe99.
Connection id 83133926.104975256 sending message {"event":"pusher:connection_established","data":"{\"socket_id\":\"83133926.104975256\",\"activity_timeout\":30}"}
1848319: connection id 83133926.104975256 received message: {"event":"pusher:subscribe","data":{"auth":"","channel":"bid-price-change"}}.
Connection id 83133926.104975256 sending message {"event":"pusher_internal:subscription_succeeded","channel":"bid-price-change"}
1848319: connection id 83133926.104975256 received message: {"event":"pusher:subscribe","data":{"auth":"","channel":"chat"}}.
Connection id 83133926.104975256 sending message {"event":"pusher_internal:subscription_succeeded","channel":"chat"}
Connection id 83133926.104975256 sending message {"channel":"chat","event":"App\\Events\\NewMessage","data":"{\"message\":\"123rr\"}"}
Unhandled promise rejection with TypeError: React\Http\Io\ClientRequestStream::closeError(): Argument #1 ($error) must be of type Exception, Error given, called in /home/lypbggmy/public_html/bidbaba/vendor/react/promise/src/Internal/RejectedPromise.php on line 73 and defined in /home/lypbggmy/public_html/bidbaba/vendor/react/http/src/Io/ClientRequestStream.php:254
Stack trace:
#0 /home/lypbggmy/public_html/bidbaba/vendor/react/promise/src/Internal/RejectedPromise.php(73): React\Http\Io\ClientRequestStream->closeError(Object(Error))
#1 /home/lypbggmy/public_html/bidbaba/vendor/react/promise/src/Promise.php(47): React\Promise\Internal\RejectedPromise->then(Object(Closure), Array)
#2 /home/lypbggmy/public_html/bidbaba/vendor/react/http/src/Io/ClientRequestStream.php(84): React\Promise\Promise->then(Object(Closure), Array)
#3 /home/lypbggmy/public_html/bidbaba/vendor/react/http/src/Io/ClientRequestStream.php(131): React\Http\Io\ClientRequestStream->writeHead()
#4 /home/lypbggmy/public_html/bidbaba/vendor/react/http/src/Io/ClientRequestStream.php(144): React\Http\Io\ClientRequestStream->write('{"app_id":"1848...')
#5 /home/lypbggmy/public_html/bidbaba/vendor/react/http/src/Io/Sender.php(152): React\Http\Io\ClientRequestStream->end('{"app_id":"1848...')
#6 /home/lypbggmy/public_html/bidbaba/vendor/react/http/src/Io/Transaction.php(146): React\Http\Io\Sender->send(Object(React\Http\Message\Request))
#7 /home/lypbggmy/public_html/bidbaba/vendor/react/http/src/Io/Transaction.php(83): React\Http\Io\Transaction->next(Object(React\Http\Message\Request), Object(React\Promise\Deferred), Object(React\Http\Io\ClientRequestState))
#8 /home/lypbggmy/public_html/bidbaba/vendor/react/http/src/Browser.php(853): React\Http\Io\Transaction->send(Object(React\Http\Message\Request))
#9 /home/lypbggmy/public_html/bidbaba/vendor/react/http/src/Browser.php(176): React\Http\Browser->requestMayBeStreaming('POST', 'http://localhos...', Array, Object(GuzzleHttp\Psr7\Stream))
#10 /home/lypbggmy/public_html/bidbaba/vendor/beyondcode/laravel-websockets/src/Statistics/Logger/HttpStatisticsLogger.php(81): React\Http\Browser->post('http://localhos...', Array, Object(GuzzleHttp\Psr7\Stream))
#11 /home/lypbggmy/public_html/bidbaba/vendor/laravel/framework/src/Illuminate/Support/Facades/Facade.php(355): BeyondCode\LaravelWebSockets\Statistics\Logger\HttpStatisticsLogger->save()
#12 /home/lypbggmy/public_html/bidbaba/vendor/beyondcode/laravel-websockets/src/Console/StartWebSocketServer.php(75): Illuminate\Support\Facades\Facade::__callStatic('save', Array)
#13 /home/lypbggmy/public_html/bidbaba/vendor/react/event-loop/src/Timer/Timers.php(102): BeyondCode\LaravelWebSockets\Console\StartWebSocketServer->BeyondCode\LaravelWebSockets\Console\{closure}(Object(React\EventLoop\Timer\Timer))
#14 /home/lypbggmy/public_html/bidbaba/vendor/react/event-loop/src/StreamSelectLoop.php(185): React\EventLoop\Timer\Timers->tick()
#15 /home/lypbggmy/public_html/bidbaba/vendor/cboden/ratchet/src/Ratchet/Server/IoServer.php(74): React\EventLoop\StreamSelectLoop->run()
#16 /home/lypbggmy/public_html/bidbaba/vendor/beyondcode/laravel-websockets/src/Console/StartWebSocketServer.php(155): Ratchet\Server\IoServer->run()
#17 /home/lypbggmy/public_html/bidbaba/vendor/beyondcode/laravel-websockets/src/Console/StartWebSocketServer.php(52): BeyondCode\LaravelWebSockets\Console\StartWebSocketServer->startWebSocketServer()
#18 /home/lypbggmy/public_html/bidbaba/vendor/laravel/framework/src/Illuminate/Container/BoundMethod.php(36): BeyondCode\LaravelWebSockets\Console\StartWebSocketServer->handle()
#19 /home/lypbggmy/public_html/bidbaba/vendor/laravel/framework/src/Illuminate/Container/Util.php(41): Illuminate\Container\BoundMethod::Illuminate\Container\{closure}()
#20 /home/lypbggmy/public_html/bidbaba/vendor/laravel/framework/src/Illuminate/Container/BoundMethod.php(93): Illuminate\Container\Util::unwrapIfClosure(Object(Closure))
#21 /home/lypbggmy/public_html/bidbaba/vendor/laravel/framework/src/Illuminate/Container/BoundMethod.php(35): Illuminate\Container\BoundMethod::callBoundMethod(Object(Illuminate\Foundation\Application), Array, Object(Closure))
#22 /home/lypbggmy/public_html/bidbaba/vendor/laravel/framework/src/Illuminate/Container/Container.php(662): Illuminate\Container\BoundMethod::call(Object(Illuminate\Foundation\Application), Array, Array, NULL)
#23 /home/lypbggmy/public_html/bidbaba/vendor/laravel/framework/src/Illuminate/Console/Command.php(211): Illuminate\Container\Container->call(Array)
#24 /home/lypbggmy/public_html/bidbaba/vendor/symfony/console/Command/Command.php(326): Illuminate\Console\Command->execute(Object(Symfony\Component\Console\Input\ArgvInput), Object(Illuminate\Console\OutputStyle))
#25 /home/lypbggmy/public_html/bidbaba/vendor/laravel/framework/src/Illuminate/Console/Command.php(180): Symfony\Component\Console\Command\Command->run(Object(Symfony\Component\Console\Input\ArgvInput), Object(Illuminate\Console\OutputStyle))
#26 /home/lypbggmy/public_html/bidbaba/vendor/symfony/console/Application.php(1096): Illuminate\Console\Command->run(Object(Symfony\Component\Console\Input\ArgvInput), Object(Symfony\Component\Console\Output\ConsoleOutput))
#27 /home/lypbggmy/public_html/bidbaba/vendor/symfony/console/Application.php(324): Symfony\Component\Console\Application->doRunCommand(Object(BeyondCode\LaravelWebSockets\Console\StartWebSocketServer), Object(Symfony\Component\Console\Input\ArgvInput), Object(Symfony\Component\Console\Output\ConsoleOutput))
#28 /home/lypbggmy/public_html/bidbaba/vendor/symfony/console/Application.php(175): Symfony\Component\Console\Application->doRun(Object(Symfony\Component\Console\Input\ArgvInput), Object(Symfony\Component\Console\Output\ConsoleOutput))
#29 /home/lypbggmy/public_html/bidbaba/vendor/laravel/framework/src/Illuminate/Foundation/Console/Kernel.php(201): Symfony\Component\Console\Application->run(Object(Symfony\Component\Console\Input\ArgvInput), Object(Symfony\Component\Console\Output\ConsoleOutput))
#30 /home/lypbggmy/public_html/bidbaba/artisan(35): Illuminate\Foundation\Console\Kernel->handle(Object(Symfony\Component\Console\Input\ArgvInput), Object(Symfony\Component\Console\Output\ConsoleOutput))
#31 {main}
Connection id 83133926.104975256 sending message {"channel":"chat","event":"App\\Events\\NewMessage","data":"{\"message\":\"321ss\"}"}
1848319: connection id 83133926.104975256 received message: {"event":"pusher:ping","data":{}}.
Connection id 83133926.104975256 sending message {"event":"pusher:pong"}
Connection id 83133926.104975256 sending message {"channel":"chat","event":"App\\Events\\NewMessage","data":"{\"message\":\"321yy\"}"}
Unhandled promise rejection with TypeError: React\Http\Io\ClientRequestStream::closeError(): Argument #1 ($error) must be of type Exception, Error given, called in /home/lypbggmy/public_html/bidbaba/vendor/react/promise/src/Internal/RejectedPromise.php on line 73 and defined in /home/lypbggmy/public_html/bidbaba/vendor/react/http/src/Io/ClientRequestStream.php:254
Stack trace:
#0 /home/lypbggmy/public_html/bidbaba/vendor/react/promise/src/Internal/RejectedPromise.php(73): React\Http\Io\ClientRequestStream->closeError(Object(Error))
#1 /home/lypbggmy/public_html/bidbaba/vendor/react/promise/src/Promise.php(47): React\Promise\Internal\RejectedPromise->then(Object(Closure), Array)
#2 /home/lypbggmy/public_html/bidbaba/vendor/react/http/src/Io/ClientRequestStream.php(84): React\Promise\Promise->then(Object(Closure), Array)
#3 /home/lypbggmy/public_html/bidbaba/vendor/react/http/src/Io/ClientRequestStream.php(131): React\Http\Io\ClientRequestStream->writeHead()
#4 /home/lypbggmy/public_html/bidbaba/vendor/react/http/src/Io/ClientRequestStream.php(144): React\Http\Io\ClientRequestStream->write('{"app_id":"1848...')
#5 /home/lypbggmy/public_html/bidbaba/vendor/react/http/src/Io/Sender.php(152): React\Http\Io\ClientRequestStream->end('{"app_id":"1848...')
#6 /home/lypbggmy/public_html/bidbaba/vendor/react/http/src/Io/Transaction.php(146): React\Http\Io\Sender->send(Object(React\Http\Message\Request))
#7 /home/lypbggmy/public_html/bidbaba/vendor/react/http/src/Io/Transaction.php(83): React\Http\Io\Transaction->next(Object(React\Http\Message\Request), Object(React\Promise\Deferred), Object(React\Http\Io\ClientRequestState))
#8 /home/lypbggmy/public_html/bidbaba/vendor/react/http/src/Browser.php(853): React\Http\Io\Transaction->send(Object(React\Http\Message\Request))
#9 /home/lypbggmy/public_html/bidbaba/vendor/react/http/src/Browser.php(176): React\Http\Browser->requestMayBeStreaming('POST', 'http://localhos...', Array, Object(GuzzleHttp\Psr7\Stream))
#10 /home/lypbggmy/public_html/bidbaba/vendor/beyondcode/laravel-websockets/src/Statistics/Logger/HttpStatisticsLogger.php(81): React\Http\Browser->post('http://localhos...', Array, Object(GuzzleHttp\Psr7\Stream))
#11 /home/lypbggmy/public_html/bidbaba/vendor/laravel/framework/src/Illuminate/Support/Facades/Facade.php(355): BeyondCode\LaravelWebSockets\Statistics\Logger\HttpStatisticsLogger->save()
#12 /home/lypbggmy/public_html/bidbaba/vendor/beyondcode/laravel-websockets/src/Console/StartWebSocketServer.php(75): Illuminate\Support\Facades\Facade::__callStatic('save', Array)
#13 /home/lypbggmy/public_html/bidbaba/vendor/react/event-loop/src/Timer/Timers.php(102): BeyondCode\LaravelWebSockets\Console\StartWebSocketServer->BeyondCode\LaravelWebSockets\Console\{closure}(Object(React\EventLoop\Timer\Timer))
#14 /home/lypbggmy/public_html/bidbaba/vendor/react/event-loop/src/StreamSelectLoop.php(185): React\EventLoop\Timer\Timers->tick()
#15 /home/lypbggmy/public_html/bidbaba/vendor/cboden/ratchet/src/Ratchet/Server/IoServer.php(74): React\EventLoop\StreamSelectLoop->run()
#16 /home/lypbggmy/public_html/bidbaba/vendor/beyondcode/laravel-websockets/src/Console/StartWebSocketServer.php(155): Ratchet\Server\IoServer->run()
#17 /home/lypbggmy/public_html/bidbaba/vendor/beyondcode/laravel-websockets/src/Console/StartWebSocketServer.php(52): BeyondCode\LaravelWebSockets\Console\StartWebSocketServer->startWebSocketServer()
#18 /home/lypbggmy/public_html/bidbaba/vendor/laravel/framework/src/Illuminate/Container/BoundMethod.php(36): BeyondCode\LaravelWebSockets\Console\StartWebSocketServer->handle()
#19 /home/lypbggmy/public_html/bidbaba/vendor/laravel/framework/src/Illuminate/Container/Util.php(41): Illuminate\Container\BoundMethod::Illuminate\Container\{closure}()
#20 /home/lypbggmy/public_html/bidbaba/vendor/laravel/framework/src/Illuminate/Container/BoundMethod.php(93): Illuminate\Container\Util::unwrapIfClosure(Object(Closure))
#21 /home/lypbggmy/public_html/bidbaba/vendor/laravel/framework/src/Illuminate/Container/BoundMethod.php(35): Illuminate\Container\BoundMethod::callBoundMethod(Object(Illuminate\Foundation\Application), Array, Object(Closure))
#22 /home/lypbggmy/public_html/bidbaba/vendor/laravel/framework/src/Illuminate/Container/Container.php(662): Illuminate\Container\BoundMethod::call(Object(Illuminate\Foundation\Application), Array, Array, NULL)
#23 /home/lypbggmy/public_html/bidbaba/vendor/laravel/framework/src/Illuminate/Console/Command.php(211): Illuminate\Container\Container->call(Array)
#24 /home/lypbggmy/public_html/bidbaba/vendor/symfony/console/Command/Command.php(326): Illuminate\Console\Command->execute(Object(Symfony\Component\Console\Input\ArgvInput), Object(Illuminate\Console\OutputStyle))
#25 /home/lypbggmy/public_html/bidbaba/vendor/laravel/framework/src/Illuminate/Console/Command.php(180): Symfony\Component\Console\Command\Command->run(Object(Symfony\Component\Console\Input\ArgvInput), Object(Illuminate\Console\OutputStyle))
#26 /home/lypbggmy/public_html/bidbaba/vendor/symfony/console/Application.php(1096): Illuminate\Console\Command->run(Object(Symfony\Component\Console\Input\ArgvInput), Object(Symfony\Component\Console\Output\ConsoleOutput))
#27 /home/lypbggmy/public_html/bidbaba/vendor/symfony/console/Application.php(324): Symfony\Component\Console\Application->doRunCommand(Object(BeyondCode\LaravelWebSockets\Console\StartWebSocketServer), Object(Symfony\Component\Console\Input\ArgvInput), Object(Symfony\Component\Console\Output\ConsoleOutput))
#28 /home/lypbggmy/public_html/bidbaba/vendor/symfony/console/Application.php(175): Symfony\Component\Console\Application->doRun(Object(Symfony\Component\Console\Input\ArgvInput), Object(Symfony\Component\Console\Output\ConsoleOutput))
#29 /home/lypbggmy/public_html/bidbaba/vendor/laravel/framework/src/Illuminate/Foundation/Console/Kernel.php(201): Symfony\Component\Console\Application->run(Object(Symfony\Component\Console\Input\ArgvInput), Object(Symfony\Component\Console\Output\ConsoleOutput))
#30 /home/lypbggmy/public_html/bidbaba/artisan(35): Illuminate\Foundation\Console\Kernel->handle(Object(Symfony\Component\Console\Input\ArgvInput), Object(Symfony\Component\Console\Output\ConsoleOutput))
#31 {main}
New connection opened for app key 934e90f09532de55fe99.
Connection id 713567328.501812795 sending message {"event":"pusher:connection_established","data":"{\"socket_id\":\"713567328.501812795\",\"activity_timeout\":30}"}
1848319: connection id 713567328.501812795 received message: {"event":"pusher:subscribe","data":{"auth":"","channel":"bid-price-change"}}.
Connection id 713567328.501812795 sending message {"event":"pusher_internal:subscription_succeeded","channel":"bid-price-change"}
1848319: connection id 713567328.501812795 received message: {"event":"pusher:subscribe","data":{"auth":"","channel":"chat"}}.
Connection id 713567328.501812795 sending message {"event":"pusher_internal:subscription_succeeded","channel":"chat"}
New connection opened for app key 934e90f09532de55fe99.
Connection id 214556265.406153276 sending message {"event":"pusher:connection_established","data":"{\"socket_id\":\"214556265.406153276\",\"activity_timeout\":30}"}
Connection id 713567328.501812795 closed.
1848319: connection id 214556265.406153276 received message: {"event":"pusher:subscribe","data":{"auth":"","channel":"bid-price-change"}}.
Connection id 214556265.406153276 sending message {"event":"pusher_internal:subscription_succeeded","channel":"bid-price-change"}
1848319: connection id 214556265.406153276 received message: {"event":"pusher:subscribe","data":{"auth":"","channel":"chat"}}.
Connection id 214556265.406153276 sending message {"event":"pusher_internal:subscription_succeeded","channel":"chat"}
Connection id 83133926.104975256 closed.
1848319: connection id 214556265.406153276 received message: {"event":"pusher:ping","data":{}}.
Connection id 214556265.406153276 sending message {"event":"pusher:pong"}
Unhandled promise rejection with TypeError: React\Http\Io\ClientRequestStream::closeError(): Argument #1 ($error) must be of type Exception, Error given, called in /home/lypbggmy/public_html/bidbaba/vendor/react/promise/src/Internal/RejectedPromise.php on line 73 and defined in /home/lypbggmy/public_html/bidbaba/vendor/react/http/src/Io/ClientRequestStream.php:254
Stack trace:
#0 /home/lypbggmy/public_html/bidbaba/vendor/react/promise/src/Internal/RejectedPromise.php(73): React\Http\Io\ClientRequestStream->closeError(Object(Error))
#1 /home/lypbggmy/public_html/bidbaba/vendor/react/promise/src/Promise.php(47): React\Promise\Internal\RejectedPromise->then(Object(Closure), Array)
#2 /home/lypbggmy/public_html/bidbaba/vendor/react/http/src/Io/ClientRequestStream.php(84): React\Promise\Promise->then(Object(Closure), Array)
#3 /home/lypbggmy/public_html/bidbaba/vendor/react/http/src/Io/ClientRequestStream.php(131): React\Http\Io\ClientRequestStream->writeHead()
#4 /home/lypbggmy/public_html/bidbaba/vendor/react/http/src/Io/ClientRequestStream.php(144): React\Http\Io\ClientRequestStream->write('{"app_id":"1848...')
#5 /home/lypbggmy/public_html/bidbaba/vendor/react/http/src/Io/Sender.php(152): React\Http\Io\ClientRequestStream->end('{"app_id":"1848...')
#6 /home/lypbggmy/public_html/bidbaba/vendor/react/http/src/Io/Transaction.php(146): React\Http\Io\Sender->send(Object(React\Http\Message\Request))
#7 /home/lypbggmy/public_html/bidbaba/vendor/react/http/src/Io/Transaction.php(83): React\Http\Io\Transaction->next(Object(React\Http\Message\Request), Object(React\Promise\Deferred), Object(React\Http\Io\ClientRequestState))
#8 /home/lypbggmy/public_html/bidbaba/vendor/react/http/src/Browser.php(853): React\Http\Io\Transaction->send(Object(React\Http\Message\Request))
#9 /home/lypbggmy/public_html/bidbaba/vendor/react/http/src/Browser.php(176): React\Http\Browser->requestMayBeStreaming('POST', 'http://localhos...', Array, Object(GuzzleHttp\Psr7\Stream))
#10 /home/lypbggmy/public_html/bidbaba/vendor/beyondcode/laravel-websockets/src/Statistics/Logger/HttpStatisticsLogger.php(81): React\Http\Browser->post('http://localhos...', Array, Object(GuzzleHttp\Psr7\Stream))
#11 /home/lypbggmy/public_html/bidbaba/vendor/laravel/framework/src/Illuminate/Support/Facades/Facade.php(355): BeyondCode\LaravelWebSockets\Statistics\Logger\HttpStatisticsLogger->save()
#12 /home/lypbggmy/public_html/bidbaba/vendor/beyondcode/laravel-websockets/src/Console/StartWebSocketServer.php(75): Illuminate\Support\Facades\Facade::__callStatic('save', Array)
#13 /home/lypbggmy/public_html/bidbaba/vendor/react/event-loop/src/Timer/Timers.php(102): BeyondCode\LaravelWebSockets\Console\StartWebSocketServer->BeyondCode\LaravelWebSockets\Console\{closure}(Object(React\EventLoop\Timer\Timer))
#14 /home/lypbggmy/public_html/bidbaba/vendor/react/event-loop/src/StreamSelectLoop.php(185): React\EventLoop\Timer\Timers->tick()
#15 /home/lypbggmy/public_html/bidbaba/vendor/cboden/ratchet/src/Ratchet/Server/IoServer.php(74): React\EventLoop\StreamSelectLoop->run()
#16 /home/lypbggmy/public_html/bidbaba/vendor/beyondcode/laravel-websockets/src/Console/StartWebSocketServer.php(155): Ratchet\Server\IoServer->run()
#17 /home/lypbggmy/public_html/bidbaba/vendor/beyondcode/laravel-websockets/src/Console/StartWebSocketServer.php(52): BeyondCode\LaravelWebSockets\Console\StartWebSocketServer->startWebSocketServer()
#18 /home/lypbggmy/public_html/bidbaba/vendor/laravel/framework/src/Illuminate/Container/BoundMethod.php(36): BeyondCode\LaravelWebSockets\Console\StartWebSocketServer->handle()
#19 /home/lypbggmy/public_html/bidbaba/vendor/laravel/framework/src/Illuminate/Container/Util.php(41): Illuminate\Container\BoundMethod::Illuminate\Container\{closure}()
#20 /home/lypbggmy/public_html/bidbaba/vendor/laravel/framework/src/Illuminate/Container/BoundMethod.php(93): Illuminate\Container\Util::unwrapIfClosure(Object(Closure))
#21 /home/lypbggmy/public_html/bidbaba/vendor/laravel/framework/src/Illuminate/Container/BoundMethod.php(35): Illuminate\Container\BoundMethod::callBoundMethod(Object(Illuminate\Foundation\Application), Array, Object(Closure))
#22 /home/lypbggmy/public_html/bidbaba/vendor/laravel/framework/src/Illuminate/Container/Container.php(662): Illuminate\Container\BoundMethod::call(Object(Illuminate\Foundation\Application), Array, Array, NULL)
#23 /home/lypbggmy/public_html/bidbaba/vendor/laravel/framework/src/Illuminate/Console/Command.php(211): Illuminate\Container\Container->call(Array)
#24 /home/lypbggmy/public_html/bidbaba/vendor/symfony/console/Command/Command.php(326): Illuminate\Console\Command->execute(Object(Symfony\Component\Console\Input\ArgvInput), Object(Illuminate\Console\OutputStyle))
#25 /home/lypbggmy/public_html/bidbaba/vendor/laravel/framework/src/Illuminate/Console/Command.php(180): Symfony\Component\Console\Command\Command->run(Object(Symfony\Component\Console\Input\ArgvInput), Object(Illuminate\Console\OutputStyle))
#26 /home/lypbggmy/public_html/bidbaba/vendor/symfony/console/Application.php(1096): Illuminate\Console\Command->run(Object(Symfony\Component\Console\Input\ArgvInput), Object(Symfony\Component\Console\Output\ConsoleOutput))
#27 /home/lypbggmy/public_html/bidbaba/vendor/symfony/console/Application.php(324): Symfony\Component\Console\Application->doRunCommand(Object(BeyondCode\LaravelWebSockets\Console\StartWebSocketServer), Object(Symfony\Component\Console\Input\ArgvInput), Object(Symfony\Component\Console\Output\ConsoleOutput))
#28 /home/lypbggmy/public_html/bidbaba/vendor/symfony/console/Application.php(175): Symfony\Component\Console\Application->doRun(Object(Symfony\Component\Console\Input\ArgvInput), Object(Symfony\Component\Console\Output\ConsoleOutput))
#29 /home/lypbggmy/public_html/bidbaba/vendor/laravel/framework/src/Illuminate/Foundation/Console/Kernel.php(201): Symfony\Component\Console\Application->run(Object(Symfony\Component\Console\Input\ArgvInput), Object(Symfony\Component\Console\Output\ConsoleOutput))
#30 /home/lypbggmy/public_html/bidbaba/artisan(35): Illuminate\Foundation\Console\Kernel->handle(Object(Symfony\Component\Console\Input\ArgvInput), Object(Symfony\Component\Console\Output\ConsoleOutput))
#31 {main}
